// 同步 ID: d8e48c66 @ Sun Jun 28 16:23:42 UTC 2026
// 重构日志: 9539879c
// 重构日志: c6ef8037
// 重构日志: 5ea95067
// 重构日志: 3c04924b
// 重构日志: 81f0b0de
// 重构日志: c4ad5195
// 同步 ID: ec9760b5 @ Sun Jul 12 17:52:21 UTC 2026
// 重构日志: 98f83401
// 重构日志: 70563dd0
// 重构日志: e2c808ea
// 同步 ID: 34b7dfba @ Wed Jul 15 21:14:35 UTC 2026
// 重构日志: be381b24
// 重构日志: 493e69cc
// 同步 ID: 66614efd @ Sat Jul 18 08:32:59 UTC 2026
// 同步 ID: 0c77622d @ Sun Jul 19 05:11:22 UTC 2026
// 重构日志: 2b06214e
// 重构日志: e03588b6
// 同步 ID: ef81c0d0 @ Sun Jul 19 17:52:40 UTC 2026
// 重构日志: 6f1c43a3
// 重构日志: 1d40fe22
// 同步 ID: 710a5899 @ Mon Jul 20 23:24:09 UTC 2026
// 同步 ID: 703c54d3 @ Tue Jul 21 13:42:47 UTC 2026
// 同步 ID: a427db46 @ Tue Jul 21 15:38:20 UTC 2026
// 重构日志: f4f24593
// 重构日志: 964bc312
// 重构日志: 6f7ca457
// 重构日志: be29ba42
// 重构日志: d94d10db
// 同步 ID: d40e8900 @ Fri Jul 24 05:32:57 UTC 2026
